0 info it worked if it ends with ok
1 verbose cli [ 'node', '/usr/local/bin/npm', 'install' ]
2 info using npm@1.4.28
3 info using node@v0.10.35
4 warn package.json pinelands@1.0.0 No repository field.
5 warn package.json pinelands@1.0.0 No README data
6 verbose readDependencies using package.json deps
7 verbose install where, deps [ '/Users/varNinja/Git/pinelandsapp',
7 verbose install   [ 'gulp',
7 verbose install     'gulp-sass',
7 verbose install     'gulp-concat',
7 verbose install     'gulp-minify-css',
7 verbose install     'gulp-rename',
7 verbose install     'bower',
7 verbose install     'gulp-util',
7 verbose install     'shelljs' ] ]
8 info preinstall pinelands@1.0.0
9 verbose readDependencies using package.json deps
10 verbose cache add [ 'gulp-sass@^0.7.1', null ]
11 verbose cache add name=undefined spec="gulp-sass@^0.7.1" args=["gulp-sass@^0.7.1",null]
12 verbose parsed url { protocol: null,
12 verbose parsed url   slashes: null,
12 verbose parsed url   auth: null,
12 verbose parsed url   host: null,
12 verbose parsed url   port: null,
12 verbose parsed url   hostname: null,
12 verbose parsed url   hash: null,
12 verbose parsed url   search: null,
12 verbose parsed url   query: null,
12 verbose parsed url   pathname: 'gulp-sass@^0.7.1',
12 verbose parsed url   path: 'gulp-sass@^0.7.1',
12 verbose parsed url   href: 'gulp-sass@^0.7.1' }
13 verbose cache add [ 'gulp-concat@^2.2.0', null ]
14 verbose cache add name=undefined spec="gulp-concat@^2.2.0" args=["gulp-concat@^2.2.0",null]
15 verbose parsed url { protocol: null,
15 verbose parsed url   slashes: null,
15 verbose parsed url   auth: null,
15 verbose parsed url   host: null,
15 verbose parsed url   port: null,
15 verbose parsed url   hostname: null,
15 verbose parsed url   hash: null,
15 verbose parsed url   search: null,
15 verbose parsed url   query: null,
15 verbose parsed url   pathname: 'gulp-concat@^2.2.0',
15 verbose parsed url   path: 'gulp-concat@^2.2.0',
15 verbose parsed url   href: 'gulp-concat@^2.2.0' }
16 verbose cache add [ 'gulp-minify-css@^0.3.0', null ]
17 verbose cache add name=undefined spec="gulp-minify-css@^0.3.0" args=["gulp-minify-css@^0.3.0",null]
18 verbose parsed url { protocol: null,
18 verbose parsed url   slashes: null,
18 verbose parsed url   auth: null,
18 verbose parsed url   host: null,
18 verbose parsed url   port: null,
18 verbose parsed url   hostname: null,
18 verbose parsed url   hash: null,
18 verbose parsed url   search: null,
18 verbose parsed url   query: null,
18 verbose parsed url   pathname: 'gulp-minify-css@^0.3.0',
18 verbose parsed url   path: 'gulp-minify-css@^0.3.0',
18 verbose parsed url   href: 'gulp-minify-css@^0.3.0' }
19 verbose cache add name="gulp-sass" spec="^0.7.1" args=["gulp-sass","^0.7.1"]
20 verbose parsed url { protocol: null,
20 verbose parsed url   slashes: null,
20 verbose parsed url   auth: null,
20 verbose parsed url   host: null,
20 verbose parsed url   port: null,
20 verbose parsed url   hostname: null,
20 verbose parsed url   hash: null,
20 verbose parsed url   search: null,
20 verbose parsed url   query: null,
20 verbose parsed url   pathname: '^0.7.1',
20 verbose parsed url   path: '^0.7.1',
20 verbose parsed url   href: '^0.7.1' }
21 verbose addNamed [ 'gulp-sass', '^0.7.1' ]
22 verbose addNamed [ null, '>=0.7.1-0 <0.8.0-0' ]
23 verbose cache add name="gulp-concat" spec="^2.2.0" args=["gulp-concat","^2.2.0"]
24 verbose parsed url { protocol: null,
24 verbose parsed url   slashes: null,
24 verbose parsed url   auth: null,
24 verbose parsed url   host: null,
24 verbose parsed url   port: null,
24 verbose parsed url   hostname: null,
24 verbose parsed url   hash: null,
24 verbose parsed url   search: null,
24 verbose parsed url   query: null,
24 verbose parsed url   pathname: '^2.2.0',
24 verbose parsed url   path: '^2.2.0',
24 verbose parsed url   href: '^2.2.0' }
25 verbose addNamed [ 'gulp-concat', '^2.2.0' ]
26 verbose addNamed [ null, '>=2.2.0-0 <3.0.0-0' ]
27 verbose cache add [ 'gulp-rename@^1.2.0', null ]
28 verbose cache add name=undefined spec="gulp-rename@^1.2.0" args=["gulp-rename@^1.2.0",null]
29 verbose parsed url { protocol: null,
29 verbose parsed url   slashes: null,
29 verbose parsed url   auth: null,
29 verbose parsed url   host: null,
29 verbose parsed url   port: null,
29 verbose parsed url   hostname: null,
29 verbose parsed url   hash: null,
29 verbose parsed url   search: null,
29 verbose parsed url   query: null,
29 verbose parsed url   pathname: 'gulp-rename@^1.2.0',
29 verbose parsed url   path: 'gulp-rename@^1.2.0',
29 verbose parsed url   href: 'gulp-rename@^1.2.0' }
30 verbose cache add [ 'bower@^1.3.3', null ]
31 verbose cache add name=undefined spec="bower@^1.3.3" args=["bower@^1.3.3",null]
32 verbose parsed url { protocol: null,
32 verbose parsed url   slashes: null,
32 verbose parsed url   auth: null,
32 verbose parsed url   host: null,
32 verbose parsed url   port: null,
32 verbose parsed url   hostname: null,
32 verbose parsed url   hash: null,
32 verbose parsed url   search: null,
32 verbose parsed url   query: null,
32 verbose parsed url   pathname: 'bower@^1.3.3',
32 verbose parsed url   path: 'bower@^1.3.3',
32 verbose parsed url   href: 'bower@^1.3.3' }
33 verbose cache add name="gulp-minify-css" spec="^0.3.0" args=["gulp-minify-css","^0.3.0"]
34 verbose parsed url { protocol: null,
34 verbose parsed url   slashes: null,
34 verbose parsed url   auth: null,
34 verbose parsed url   host: null,
34 verbose parsed url   port: null,
34 verbose parsed url   hostname: null,
34 verbose parsed url   hash: null,
34 verbose parsed url   search: null,
34 verbose parsed url   query: null,
34 verbose parsed url   pathname: '^0.3.0',
34 verbose parsed url   path: '^0.3.0',
34 verbose parsed url   href: '^0.3.0' }
35 verbose addNamed [ 'gulp-minify-css', '^0.3.0' ]
36 verbose addNamed [ null, '>=0.3.0-0 <0.4.0-0' ]
37 silly lockFile 77100620-gulp-sass-0-7-1 gulp-sass@^0.7.1
38 verbose lock gulp-sass@^0.7.1 /Users/varNinja/.npm/77100620-gulp-sass-0-7-1.lock
39 silly lockFile bade1119-gulp-concat-2-2-0 gulp-concat@^2.2.0
40 verbose lock gulp-concat@^2.2.0 /Users/varNinja/.npm/bade1119-gulp-concat-2-2-0.lock
41 silly lockFile 97140670-gulp-minify-css-0-3-0 gulp-minify-css@^0.3.0
42 verbose lock gulp-minify-css@^0.3.0 /Users/varNinja/.npm/97140670-gulp-minify-css-0-3-0.lock
43 verbose cache add name="gulp-rename" spec="^1.2.0" args=["gulp-rename","^1.2.0"]
44 verbose parsed url { protocol: null,
44 verbose parsed url   slashes: null,
44 verbose parsed url   auth: null,
44 verbose parsed url   host: null,
44 verbose parsed url   port: null,
44 verbose parsed url   hostname: null,
44 verbose parsed url   hash: null,
44 verbose parsed url   search: null,
44 verbose parsed url   query: null,
44 verbose parsed url   pathname: '^1.2.0',
44 verbose parsed url   path: '^1.2.0',
44 verbose parsed url   href: '^1.2.0' }
45 verbose addNamed [ 'gulp-rename', '^1.2.0' ]
46 verbose addNamed [ null, '>=1.2.0-0 <2.0.0-0' ]
47 silly lockFile 31cef36d-gulp-rename-1-2-0 gulp-rename@^1.2.0
48 verbose lock gulp-rename@^1.2.0 /Users/varNinja/.npm/31cef36d-gulp-rename-1-2-0.lock
49 verbose cache add name="bower" spec="^1.3.3" args=["bower","^1.3.3"]
50 verbose parsed url { protocol: null,
50 verbose parsed url   slashes: null,
50 verbose parsed url   auth: null,
50 verbose parsed url   host: null,
50 verbose parsed url   port: null,
50 verbose parsed url   hostname: null,
50 verbose parsed url   hash: null,
50 verbose parsed url   search: null,
50 verbose parsed url   query: null,
50 verbose parsed url   pathname: '^1.3.3',
50 verbose parsed url   path: '^1.3.3',
50 verbose parsed url   href: '^1.3.3' }
51 verbose addNamed [ 'bower', '^1.3.3' ]
52 verbose addNamed [ null, '>=1.3.3-0 <2.0.0-0' ]
53 silly lockFile 0aa5c27e-bower-1-3-3 bower@^1.3.3
54 verbose lock bower@^1.3.3 /Users/varNinja/.npm/0aa5c27e-bower-1-3-3.lock
55 verbose cache add [ 'gulp-util@^2.2.14', null ]
56 verbose cache add name=undefined spec="gulp-util@^2.2.14" args=["gulp-util@^2.2.14",null]
57 verbose parsed url { protocol: null,
57 verbose parsed url   slashes: null,
57 verbose parsed url   auth: null,
57 verbose parsed url   host: null,
57 verbose parsed url   port: null,
57 verbose parsed url   hostname: null,
57 verbose parsed url   hash: null,
57 verbose parsed url   search: null,
57 verbose parsed url   query: null,
57 verbose parsed url   pathname: 'gulp-util@^2.2.14',
57 verbose parsed url   path: 'gulp-util@^2.2.14',
57 verbose parsed url   href: 'gulp-util@^2.2.14' }
58 verbose cache add [ 'shelljs@^0.3.0', null ]
59 verbose cache add name=undefined spec="shelljs@^0.3.0" args=["shelljs@^0.3.0",null]
60 verbose parsed url { protocol: null,
60 verbose parsed url   slashes: null,
60 verbose parsed url   auth: null,
60 verbose parsed url   host: null,
60 verbose parsed url   port: null,
60 verbose parsed url   hostname: null,
60 verbose parsed url   hash: null,
60 verbose parsed url   search: null,
60 verbose parsed url   query: null,
60 verbose parsed url   pathname: 'shelljs@^0.3.0',
60 verbose parsed url   path: 'shelljs@^0.3.0',
60 verbose parsed url   href: 'shelljs@^0.3.0' }
61 verbose cache add [ 'gulp@^3.5.6', null ]
62 verbose cache add name=undefined spec="gulp@^3.5.6" args=["gulp@^3.5.6",null]
63 verbose parsed url { protocol: null,
63 verbose parsed url   slashes: null,
63 verbose parsed url   auth: null,
63 verbose parsed url   host: null,
63 verbose parsed url   port: null,
63 verbose parsed url   hostname: null,
63 verbose parsed url   hash: null,
63 verbose parsed url   search: null,
63 verbose parsed url   query: null,
63 verbose parsed url   pathname: 'gulp@^3.5.6',
63 verbose parsed url   path: 'gulp@^3.5.6',
63 verbose parsed url   href: 'gulp@^3.5.6' }
64 verbose cache add name="gulp-util" spec="^2.2.14" args=["gulp-util","^2.2.14"]
65 verbose parsed url { protocol: null,
65 verbose parsed url   slashes: null,
65 verbose parsed url   auth: null,
65 verbose parsed url   host: null,
65 verbose parsed url   port: null,
65 verbose parsed url   hostname: null,
65 verbose parsed url   hash: null,
65 verbose parsed url   search: null,
65 verbose parsed url   query: null,
65 verbose parsed url   pathname: '^2.2.14',
65 verbose parsed url   path: '^2.2.14',
65 verbose parsed url   href: '^2.2.14' }
66 verbose addNamed [ 'gulp-util', '^2.2.14' ]
67 verbose addNamed [ null, '>=2.2.14-0 <3.0.0-0' ]
68 silly lockFile e3e5f16b-gulp-util-2-2-14 gulp-util@^2.2.14
69 verbose lock gulp-util@^2.2.14 /Users/varNinja/.npm/e3e5f16b-gulp-util-2-2-14.lock
70 verbose cache add name="shelljs" spec="^0.3.0" args=["shelljs","^0.3.0"]
71 verbose parsed url { protocol: null,
71 verbose parsed url   slashes: null,
71 verbose parsed url   auth: null,
71 verbose parsed url   host: null,
71 verbose parsed url   port: null,
71 verbose parsed url   hostname: null,
71 verbose parsed url   hash: null,
71 verbose parsed url   search: null,
71 verbose parsed url   query: null,
71 verbose parsed url   pathname: '^0.3.0',
71 verbose parsed url   path: '^0.3.0',
71 verbose parsed url   href: '^0.3.0' }
72 verbose addNamed [ 'shelljs', '^0.3.0' ]
73 verbose addNamed [ null, '>=0.3.0-0 <0.4.0-0' ]
74 silly lockFile 1ddaa962-shelljs-0-3-0 shelljs@^0.3.0
75 verbose lock shelljs@^0.3.0 /Users/varNinja/.npm/1ddaa962-shelljs-0-3-0.lock
76 verbose cache add name="gulp" spec="^3.5.6" args=["gulp","^3.5.6"]
77 verbose parsed url { protocol: null,
77 verbose parsed url   slashes: null,
77 verbose parsed url   auth: null,
77 verbose parsed url   host: null,
77 verbose parsed url   port: null,
77 verbose parsed url   hostname: null,
77 verbose parsed url   hash: null,
77 verbose parsed url   search: null,
77 verbose parsed url   query: null,
77 verbose parsed url   pathname: '^3.5.6',
77 verbose parsed url   path: '^3.5.6',
77 verbose parsed url   href: '^3.5.6' }
78 verbose addNamed [ 'gulp', '^3.5.6' ]
79 verbose addNamed [ null, '>=3.5.6-0 <4.0.0-0' ]
80 silly lockFile 28ac0b1b-gulp-3-5-6 gulp@^3.5.6
81 verbose lock gulp@^3.5.6 /Users/varNinja/.npm/28ac0b1b-gulp-3-5-6.lock
82 silly addNameRange { name: 'gulp-sass',
82 silly addNameRange   range: '>=0.7.1-0 <0.8.0-0',
82 silly addNameRange   hasData: false }
83 silly addNameRange { name: 'gulp-concat',
83 silly addNameRange   range: '>=2.2.0-0 <3.0.0-0',
83 silly addNameRange   hasData: false }
84 silly addNameRange { name: 'gulp-minify-css',
84 silly addNameRange   range: '>=0.3.0-0 <0.4.0-0',
84 silly addNameRange   hasData: false }
85 silly addNameRange { name: 'gulp-rename',
85 silly addNameRange   range: '>=1.2.0-0 <2.0.0-0',
85 silly addNameRange   hasData: false }
86 silly addNameRange { name: 'bower', range: '>=1.3.3-0 <2.0.0-0', hasData: false }
87 verbose request where is /gulp-sass
88 verbose request registry https://registry.npmjs.org/
89 verbose request id 6a1579b024e44f96
90 verbose url raw /gulp-sass
91 verbose url resolving [ 'https://registry.npmjs.org/', './gulp-sass' ]
92 verbose url resolved https://registry.npmjs.org/gulp-sass
93 verbose request where is https://registry.npmjs.org/gulp-sass
94 info trying registry request attempt 1 at 18:07:13
95 http GET https://registry.npmjs.org/gulp-sass
96 silly addNameRange { name: 'gulp-util',
96 silly addNameRange   range: '>=2.2.14-0 <3.0.0-0',
96 silly addNameRange   hasData: false }
97 silly addNameRange { name: 'shelljs', range: '>=0.3.0-0 <0.4.0-0', hasData: false }
98 silly addNameRange { name: 'gulp', range: '>=3.5.6-0 <4.0.0-0', hasData: false }
99 verbose request where is /gulp-rename
100 verbose request registry https://registry.npmjs.org/
101 verbose url raw /gulp-rename
102 verbose url resolving [ 'https://registry.npmjs.org/', './gulp-rename' ]
103 verbose url resolved https://registry.npmjs.org/gulp-rename
104 verbose request where is https://registry.npmjs.org/gulp-rename
105 info trying registry request attempt 1 at 18:07:13
106 verbose etag "15R8MV26UQD13L7GXO1LSGSOV"
107 http GET https://registry.npmjs.org/gulp-rename
108 verbose request where is /gulp-concat
109 verbose request registry https://registry.npmjs.org/
110 verbose url raw /gulp-concat
111 verbose url resolving [ 'https://registry.npmjs.org/', './gulp-concat' ]
112 verbose url resolved https://registry.npmjs.org/gulp-concat
113 verbose request where is https://registry.npmjs.org/gulp-concat
114 info trying registry request attempt 1 at 18:07:13
115 verbose etag "57YA2TE247YAY7NR4GOYK56WW"
116 http GET https://registry.npmjs.org/gulp-concat
117 verbose request where is /gulp-minify-css
118 verbose request registry https://registry.npmjs.org/
119 verbose url raw /gulp-minify-css
120 verbose url resolving [ 'https://registry.npmjs.org/', './gulp-minify-css' ]
121 verbose url resolved https://registry.npmjs.org/gulp-minify-css
122 verbose request where is https://registry.npmjs.org/gulp-minify-css
123 info trying registry request attempt 1 at 18:07:13
124 verbose etag "EGS8WRLSKI0IX7NVXDK2N504B"
125 http GET https://registry.npmjs.org/gulp-minify-css
126 verbose request where is /gulp-util
127 verbose request registry https://registry.npmjs.org/
128 verbose url raw /gulp-util
129 verbose url resolving [ 'https://registry.npmjs.org/', './gulp-util' ]
130 verbose url resolved https://registry.npmjs.org/gulp-util
131 verbose request where is https://registry.npmjs.org/gulp-util
132 info trying registry request attempt 1 at 18:07:13
133 verbose etag "DJC9818JRCH2DY9WR8GXLANI"
134 http GET https://registry.npmjs.org/gulp-util
135 verbose request where is /bower
136 verbose request registry https://registry.npmjs.org/
137 verbose url raw /bower
138 verbose url resolving [ 'https://registry.npmjs.org/', './bower' ]
139 verbose url resolved https://registry.npmjs.org/bower
140 verbose request where is https://registry.npmjs.org/bower
141 info trying registry request attempt 1 at 18:07:13
142 verbose etag "A7Z32BOWA9Q4JPZWJHKQ3YD7N"
143 http GET https://registry.npmjs.org/bower
144 verbose request where is /shelljs
145 verbose request registry https://registry.npmjs.org/
146 verbose url raw /shelljs
147 verbose url resolving [ 'https://registry.npmjs.org/', './shelljs' ]
148 verbose url resolved https://registry.npmjs.org/shelljs
149 verbose request where is https://registry.npmjs.org/shelljs
150 info trying registry request attempt 1 at 18:07:13
151 verbose etag "F2YS8IJ8T0I39UTROARC2U97Q"
152 http GET https://registry.npmjs.org/shelljs
153 verbose request where is /gulp
154 verbose request registry https://registry.npmjs.org/
155 verbose url raw /gulp
156 verbose url resolving [ 'https://registry.npmjs.org/', './gulp' ]
157 verbose url resolved https://registry.npmjs.org/gulp
158 verbose request where is https://registry.npmjs.org/gulp
159 info trying registry request attempt 1 at 18:07:13
160 verbose etag "7W9MA3490IU728OGMV9YN6NSA"
161 http GET https://registry.npmjs.org/gulp
162 http 200 https://registry.npmjs.org/gulp-rename
163 silly registry.get cb [ 200,
163 silly registry.get   { date: 'Mon, 02 Mar 2015 23:07:13 GMT',
163 silly registry.get     server: 'CouchDB/1.5.0 (Erlang OTP/R16B03)',
163 silly registry.get     etag: '"2I3NHI2RPWM56242TO0MWHNKO"',
163 silly registry.get     'content-type': 'application/json',
163 silly registry.get     'cache-control': 'max-age=60',
163 silly registry.get     'content-length': '10155',
163 silly registry.get     'accept-ranges': 'bytes',
163 silly registry.get     via: '1.1 varnish',
163 silly registry.get     age: '38',
163 silly registry.get     'x-served-by': 'cache-ord1732-ORD',
163 silly registry.get     'x-cache': 'HIT',
163 silly registry.get     'x-cache-hits': '1',
163 silly registry.get     'x-timer': 'S1425337633.542779,VS0,VE0',
163 silly registry.get     vary: 'Accept',
163 silly registry.get     'keep-alive': 'timeout=10, max=50',
163 silly registry.get     connection: 'Keep-Alive' } ]
164 silly addNameRange number 2 { name: 'gulp-rename',
164 silly addNameRange   range: '>=1.2.0-0 <2.0.0-0',
164 silly addNameRange   hasData: true }
165 silly addNameRange versions [ 'gulp-rename',
165 silly addNameRange   [ '0.1.0', '0.2.1', '0.2.2', '1.0.0', '1.1.0', '1.2.0' ] ]
166 verbose addNamed [ 'gulp-rename', '1.2.0' ]
167 verbose addNamed [ '1.2.0', '1.2.0' ]
168 silly lockFile 5981c611-gulp-rename-1-2-0 gulp-rename@1.2.0
169 verbose lock gulp-rename@1.2.0 /Users/varNinja/.npm/5981c611-gulp-rename-1-2-0.lock
170 silly lockFile 5981c611-gulp-rename-1-2-0 gulp-rename@1.2.0
171 silly lockFile 5981c611-gulp-rename-1-2-0 gulp-rename@1.2.0
172 silly lockFile 31cef36d-gulp-rename-1-2-0 gulp-rename@^1.2.0
173 silly lockFile 31cef36d-gulp-rename-1-2-0 gulp-rename@^1.2.0
174 http 200 https://registry.npmjs.org/gulp-sass
175 silly registry.get cb [ 200,
175 silly registry.get   { date: 'Mon, 02 Mar 2015 23:07:13 GMT',
175 silly registry.get     server: 'CouchDB/1.5.0 (Erlang OTP/R16B03)',
175 silly registry.get     etag: '"QP7LHK5FPTRA6NWN8XXNRY9"',
175 silly registry.get     'content-type': 'application/json',
175 silly registry.get     'cache-control': 'max-age=60',
175 silly registry.get     'content-length': '32176',
175 silly registry.get     'accept-ranges': 'bytes',
175 silly registry.get     via: '1.1 varnish',
175 silly registry.get     age: '17',
175 silly registry.get     'x-served-by': 'cache-ord1720-ORD',
175 silly registry.get     'x-cache': 'HIT',
175 silly registry.get     'x-cache-hits': '1',
175 silly registry.get     'x-timer': 'S1425337633.549272,VS0,VE0',
175 silly registry.get     vary: 'Accept',
175 silly registry.get     'keep-alive': 'timeout=10, max=50',
175 silly registry.get     connection: 'Keep-Alive' } ]
176 silly addNameRange number 2 { name: 'gulp-sass', range: '>=0.7.1-0 <0.8.0-0', hasData: true }
177 silly addNameRange versions [ 'gulp-sass',
177 silly addNameRange   [ '0.1.0',
177 silly addNameRange     '0.2.1',
177 silly addNameRange     '0.2.2',
177 silly addNameRange     '0.2.3',
177 silly addNameRange     '0.3.0',
177 silly addNameRange     '0.4.0',
177 silly addNameRange     '0.4.1',
177 silly addNameRange     '0.5.0',
177 silly addNameRange     '0.5.1',
177 silly addNameRange     '0.5.2',
177 silly addNameRange     '0.6.0',
177 silly addNameRange     '0.7.0',
177 silly addNameRange     '0.7.1',
177 silly addNameRange     '0.7.2',
177 silly addNameRange     '0.7.3',
177 silly addNameRange     '1.0.0',
177 silly addNameRange     '1.1.0',
177 silly addNameRange     '1.2.0',
177 silly addNameRange     '1.2.1',
177 silly addNameRange     '1.2.2',
177 silly addNameRange     '1.2.3',
177 silly addNameRange     '1.2.4',
177 silly addNameRange     '1.3.0',
177 silly addNameRange     '1.3.1',
177 silly addNameRange     '1.3.2',
177 silly addNameRange     '1.3.3' ] ]
178 verbose addNamed [ 'gulp-sass', '0.7.3' ]
179 verbose addNamed [ '0.7.3', '0.7.3' ]
180 silly lockFile 721f0c96-gulp-sass-0-7-3 gulp-sass@0.7.3
181 verbose lock gulp-sass@0.7.3 /Users/varNinja/.npm/721f0c96-gulp-sass-0-7-3.lock
182 silly lockFile d66f14f4-rg-gulp-sass-gulp-sass-0-7-3-tgz https://registry.npmjs.org/gulp-sass/-/gulp-sass-0.7.3.tgz
183 verbose lock https://registry.npmjs.org/gulp-sass/-/gulp-sass-0.7.3.tgz /Users/varNinja/.npm/d66f14f4-rg-gulp-sass-gulp-sass-0-7-3-tgz.lock
184 verbose addRemoteTarball [ 'https://registry.npmjs.org/gulp-sass/-/gulp-sass-0.7.3.tgz',
184 verbose addRemoteTarball   '4bfbb4e4d95a40be8beeebe07e8e477e7f7a2edc' ]
185 http 200 https://registry.npmjs.org/gulp-minify-css
186 silly registry.get cb [ 200,
186 silly registry.get   { date: 'Mon, 02 Mar 2015 23:07:13 GMT',
186 silly registry.get     server: 'CouchDB/1.6.1 (Erlang OTP/R14B04)',
186 silly registry.get     etag: '"2V2L2T9NE9LGH03YNZ5JO7EVE"',
186 silly registry.get     'content-type': 'application/json',
186 silly registry.get     'cache-control': 'max-age=60',
186 silly registry.get     'content-length': '41027',
186 silly registry.get     'accept-ranges': 'bytes',
186 silly registry.get     via: '1.1 varnish',
186 silly registry.get     age: '17',
186 silly registry.get     'x-served-by': 'cache-ord1723-ORD',
186 silly registry.get     'x-cache': 'HIT',
186 silly registry.get     'x-cache-hits': '20',
186 silly registry.get     'x-timer': 'S1425337633.544762,VS0,VE0',
186 silly registry.get     vary: 'Accept',
186 silly registry.get     'keep-alive': 'timeout=10, max=50',
186 silly registry.get     connection: 'Keep-Alive' } ]
187 info retry fetch attempt 1 at 18:07:13
188 verbose fetch to= /var/folders/0d/rys00vn14lg00qn60h0q64g80000gn/T/npm-17862-roQ1I9dK/registry.npmjs.org/gulp-sass/-/gulp-sass-0.7.3.tgz
189 silly addNameRange number 2 { name: 'gulp-minify-css',
189 silly addNameRange   range: '>=0.3.0-0 <0.4.0-0',
189 silly addNameRange   hasData: true }
190 silly addNameRange versions [ 'gulp-minify-css',
190 silly addNameRange   [ '0.0.1',
190 silly addNameRange     '0.1.0',
190 silly addNameRange     '0.2.0',
190 silly addNameRange     '0.3.0',
190 silly addNameRange     '0.3.1',
190 silly addNameRange     '0.3.2',
190 silly addNameRange     '0.3.3',
190 silly addNameRange     '0.3.4',
190 silly addNameRange     '0.3.5',
190 silly addNameRange     '0.3.6',
190 silly addNameRange     '0.3.7',
190 silly addNameRange     '0.3.8',
190 silly addNameRange     '0.3.9',
190 silly addNameRange     '0.3.10',
190 silly addNameRange     '0.3.11',
190 silly addNameRange     '0.3.12',
190 silly addNameRange     '0.3.13',
190 silly addNameRange     '0.4.0',
190 silly addNameRange     '0.4.1',
190 silly addNameRange     '0.4.2',
190 silly addNameRange     '0.4.3',
190 silly addNameRange     '0.4.4',
190 silly addNameRange     '0.4.5',
190 silly addNameRange     '0.4.6',
190 silly addNameRange     '0.5.0',
190 silly addNameRange     '0.5.1' ] ]
191 verbose addNamed [ 'gulp-minify-css', '0.3.13' ]
192 verbose addNamed [ '0.3.13', '0.3.13' ]
193 silly lockFile 9038a954-gulp-minify-css-0-3-13 gulp-minify-css@0.3.13
194 verbose lock gulp-minify-css@0.3.13 /Users/varNinja/.npm/9038a954-gulp-minify-css-0-3-13.lock
195 http 200 https://registry.npmjs.org/gulp-util
196 silly registry.get cb [ 200,
196 silly registry.get   { date: 'Mon, 02 Mar 2015 23:07:13 GMT',
196 silly registry.get     server: 'CouchDB/1.5.0 (Erlang OTP/R16B03)',
196 silly registry.get     etag: '"BY31WFRSAQYLQNW8WQ4MQ7NJB"',
196 silly registry.get     'content-type': 'application/json',
196 silly registry.get     'cache-control': 'max-age=60',
196 silly registry.get     'content-length': '55573',
196 silly registry.get     'accept-ranges': 'bytes',
196 silly registry.get     via: '1.1 varnish',
196 silly registry.get     age: '44',
196 silly registry.get     'x-served-by': 'cache-ord1732-ORD',
196 silly registry.get     'x-cache': 'HIT',
196 silly registry.get     'x-cache-hits': '1',
196 silly registry.get     'x-timer': 'S1425337633.557101,VS0,VE0',
196 silly registry.get     vary: 'Accept',
196 silly registry.get     'keep-alive': 'timeout=10, max=50',
196 silly registry.get     connection: 'Keep-Alive' } ]
197 http GET https://registry.npmjs.org/gulp-sass/-/gulp-sass-0.7.3.tgz
198 http 200 https://registry.npmjs.org/gulp-concat
199 silly registry.get cb [ 200,
199 silly registry.get   { date: 'Mon, 02 Mar 2015 23:07:13 GMT',
199 silly registry.get     server: 'CouchDB/1.5.0 (Erlang OTP/R16B03)',
199 silly registry.get     etag: '"9KFQLP9380851XN1DQHUX63RL"',
199 silly registry.get     'content-type': 'application/json',
199 silly registry.get     'cache-control': 'max-age=60',
199 silly registry.get     'content-length': '34968',
199 silly registry.get     'accept-ranges': 'bytes',
199 silly registry.get     via: '1.1 varnish',
199 silly registry.get     age: '17',
199 silly registry.get     'x-served-by': 'cache-ord1734-ORD',
199 silly registry.get     'x-cache': 'HIT',
199 silly registry.get     'x-cache-hits': '1',
199 silly registry.get     'x-timer': 'S1425337633.559417,VS0,VE0',
199 silly registry.get     vary: 'Accept',
199 silly registry.get     'keep-alive': 'timeout=10, max=50',
199 silly registry.get     connection: 'Keep-Alive' } ]
200 silly lockFile 8781e9f5-y-css-gulp-minify-css-0-3-13-tgz https://registry.npmjs.org/gulp-minify-css/-/gulp-minify-css-0.3.13.tgz
201 verbose lock https://registry.npmjs.org/gulp-minify-css/-/gulp-minify-css-0.3.13.tgz /Users/varNinja/.npm/8781e9f5-y-css-gulp-minify-css-0-3-13-tgz.lock
202 http 304 https://registry.npmjs.org/shelljs
203 silly registry.get cb [ 304,
203 silly registry.get   { date: 'Mon, 02 Mar 2015 23:07:13 GMT',
203 silly registry.get     server: 'Apache',
203 silly registry.get     via: '1.1 varnish',
203 silly registry.get     'last-modified': 'Mon, 02 Mar 2015 23:07:13 GMT',
203 silly registry.get     'cache-control': 'max-age=60',
203 silly registry.get     etag: '"F2YS8IJ8T0I39UTROARC2U97Q"',
203 silly registry.get     age: '21',
203 silly registry.get     'x-served-by': 'cache-ord1720-ORD',
203 silly registry.get     'x-cache': 'HIT',
203 silly registry.get     'x-cache-hits': '1',
203 silly registry.get     'x-timer': 'S1425337633.671676,VS0,VE0',
203 silly registry.get     vary: 'Accept',
203 silly registry.get     'content-length': '0',
203 silly registry.get     'keep-alive': 'timeout=10, max=49',
203 silly registry.get     connection: 'Keep-Alive' } ]
204 verbose etag https://registry.npmjs.org/shelljs from cache
205 verbose addRemoteTarball [ 'https://registry.npmjs.org/gulp-minify-css/-/gulp-minify-css-0.3.13.tgz',
205 verbose addRemoteTarball   'ba813c665422868305383ccd185f239c1e35209b' ]
206 silly addNameRange number 2 { name: 'gulp-util',
206 silly addNameRange   range: '>=2.2.14-0 <3.0.0-0',
206 silly addNameRange   hasData: true }
207 silly addNameRange versions [ 'gulp-util',
207 silly addNameRange   [ '0.0.1',
207 silly addNameRange     '1.0.0',
207 silly addNameRange     '1.1.0',
207 silly addNameRange     '1.1.1',
207 silly addNameRange     '1.2.0',
207 silly addNameRange     '1.3.0',
207 silly addNameRange     '2.0.0',
207 silly addNameRange     '2.1.1',
207 silly addNameRange     '2.1.2',
207 silly addNameRange     '2.1.3',
207 silly addNameRange     '2.1.4',
207 silly addNameRange     '2.2.0',
207 silly addNameRange     '2.2.1',
207 silly addNameRange     '2.2.2',
207 silly addNameRange     '2.2.3',
207 silly addNameRange     '2.2.5',
207 silly addNameRange     '2.2.6',
207 silly addNameRange     '2.2.7',
207 silly addNameRange     '2.2.8',
207 silly addNameRange     '2.2.9',
207 silly addNameRange     '2.2.10',
207 silly addNameRange     '2.2.11',
207 silly addNameRange     '2.2.12',
207 silly addNameRange     '2.2.13',
207 silly addNameRange     '2.2.14',
207 silly addNameRange     '2.2.15',
207 silly addNameRange     '2.2.16',
207 silly addNameRange     '2.2.17',
207 silly addNameRange     '2.2.18',
207 silly addNameRange     '2.2.19',
207 silly addNameRange     '2.2.20',
207 silly addNameRange     '3.0.0',
207 silly addNameRange     '3.0.1',
207 silly addNameRange     '3.0.2',
207 silly addNameRange     '3.0.3',
207 silly addNameRange     '3.0.4' ] ]
208 verbose addNamed [ 'gulp-util', '2.2.20' ]
209 verbose addNamed [ '2.2.20', '2.2.20' ]
210 silly lockFile 48c194cb-gulp-util-2-2-20 gulp-util@2.2.20
211 verbose lock gulp-util@2.2.20 /Users/varNinja/.npm/48c194cb-gulp-util-2-2-20.lock
212 silly addNameRange number 2 { name: 'gulp-concat',
212 silly addNameRange   range: '>=2.2.0-0 <3.0.0-0',
212 silly addNameRange   hasData: true }
213 silly addNameRange versions [ 'gulp-concat',
213 silly addNameRange   [ '0.0.1',
213 silly addNameRange     '1.0.0',
213 silly addNameRange     '1.1.0',
213 silly addNameRange     '2.0.0',
213 silly addNameRange     '2.1.0',
213 silly addNameRange     '2.1.1',
213 silly addNameRange     '2.1.2',
213 silly addNameRange     '2.1.3',
213 silly addNameRange     '2.1.4',
213 silly addNameRange     '2.1.5',
213 silly addNameRange     '2.1.6',
213 silly addNameRange     '2.1.7',
213 silly addNameRange     '2.2.0',
213 silly addNameRange     '2.3.0',
213 silly addNameRange     '2.3.3',
213 silly addNameRange     '2.3.4',
213 silly addNameRange     '2.3.5',
213 silly addNameRange     '2.4.0',
213 silly addNameRange     '2.4.1',
213 silly addNameRange     '2.4.2',
213 silly addNameRange     '2.4.3',
213 silly addNameRange     '2.5.0',
213 silly addNameRange     '2.5.1',
213 silly addNameRange     '2.5.2' ] ]
214 verbose addNamed [ 'gulp-concat', '2.5.2' ]
215 verbose addNamed [ '2.5.2', '2.5.2' ]
216 silly lockFile f86cbda2-gulp-concat-2-5-2 gulp-concat@2.5.2
217 verbose lock gulp-concat@2.5.2 /Users/varNinja/.npm/f86cbda2-gulp-concat-2-5-2.lock
218 info retry fetch attempt 1 at 18:07:13
219 verbose fetch to= /var/folders/0d/rys00vn14lg00qn60h0q64g80000gn/T/npm-17862-roQ1I9dK/registry.npmjs.org/gulp-minify-css/-/gulp-minify-css-0.3.13.tgz
220 http GET https://registry.npmjs.org/gulp-minify-css/-/gulp-minify-css-0.3.13.tgz
221 silly lockFile 34166e88-g-gulp-util-gulp-util-2-2-20-tgz https://registry.npmjs.org/gulp-util/-/gulp-util-2.2.20.tgz
222 verbose lock https://registry.npmjs.org/gulp-util/-/gulp-util-2.2.20.tgz /Users/varNinja/.npm/34166e88-g-gulp-util-gulp-util-2-2-20-tgz.lock
223 silly lockFile 2b63d021-ulp-concat-gulp-concat-2-5-2-tgz https://registry.npmjs.org/gulp-concat/-/gulp-concat-2.5.2.tgz
224 verbose lock https://registry.npmjs.org/gulp-concat/-/gulp-concat-2.5.2.tgz /Users/varNinja/.npm/2b63d021-ulp-concat-gulp-concat-2-5-2-tgz.lock
225 silly addNameRange number 2 { name: 'shelljs', range: '>=0.3.0-0 <0.4.0-0', hasData: true }
226 silly addNameRange versions [ 'shelljs',
226 silly addNameRange   [ '0.0.1',
226 silly addNameRange     '0.0.2',
226 silly addNameRange     '0.0.3',
226 silly addNameRange     '0.0.4',
226 silly addNameRange     '0.0.5',
226 silly addNameRange     '0.0.6',
226 silly addNameRange     '0.0.7',
226 silly addNameRange     '0.0.8',
226 silly addNameRange     '0.0.9',
226 silly addNameRange     '0.1.0',
226 silly addNameRange     '0.1.1',
226 silly addNameRange     '0.1.2',
226 silly addNameRange     '0.1.3',
226 silly addNameRange     '0.1.4',
226 silly addNameRange     '0.2.0',
226 silly addNameRange     '0.2.1',
226 silly addNameRange     '0.2.2',
226 silly addNameRange     '0.2.3',
226 silly addNameRange     '0.2.4',
226 silly addNameRange     '0.2.5',
226 silly addNameRange     '0.2.6',
226 silly addNameRange     '0.3.0',
226 silly addNameRange     '0.0.1-alpha1',
226 silly addNameRange     '0.0.2-pre1',
226 silly addNameRange     '0.0.4-pre1',
226 silly addNameRange     '0.0.5-pre1',
226 silly addNameRange     '0.0.5-pre2',
226 silly addNameRange     '0.0.5-pre3',
226 silly addNameRange     '0.0.5-pre4',
226 silly addNameRange     '0.0.6-pre1',
226 silly addNameRange     '0.0.6-pre2' ] ]
227 verbose addNamed [ 'shelljs', '0.3.0' ]
228 verbose addNamed [ '0.3.0', '0.3.0' ]
229 silly lockFile 7d3918b1-shelljs-0-3-0 shelljs@0.3.0
230 verbose lock shelljs@0.3.0 /Users/varNinja/.npm/7d3918b1-shelljs-0-3-0.lock
231 verbose addRemoteTarball [ 'https://registry.npmjs.org/gulp-concat/-/gulp-concat-2.5.2.tgz',
231 verbose addRemoteTarball   'd644372cdc2b3cdb421a8a941c8d74e21d815f14' ]
232 verbose addRemoteTarball [ 'https://registry.npmjs.org/gulp-util/-/gulp-util-2.2.20.tgz',
232 verbose addRemoteTarball   'd7146e5728910bd8f047a6b0b1e549bc22dbd64c' ]
233 info retry fetch attempt 1 at 18:07:13
234 verbose fetch to= /var/folders/0d/rys00vn14lg00qn60h0q64g80000gn/T/npm-17862-roQ1I9dK/registry.npmjs.org/gulp-concat/-/gulp-concat-2.5.2.tgz
235 info retry fetch attempt 1 at 18:07:13
236 verbose fetch to= /var/folders/0d/rys00vn14lg00qn60h0q64g80000gn/T/npm-17862-roQ1I9dK/registry.npmjs.org/gulp-util/-/gulp-util-2.2.20.tgz
237 http GET https://registry.npmjs.org/gulp-concat/-/gulp-concat-2.5.2.tgz
238 http GET https://registry.npmjs.org/gulp-util/-/gulp-util-2.2.20.tgz
239 silly lockFile 7d3918b1-shelljs-0-3-0 shelljs@0.3.0
240 silly lockFile 7d3918b1-shelljs-0-3-0 shelljs@0.3.0
241 silly lockFile 1ddaa962-shelljs-0-3-0 shelljs@^0.3.0
242 silly lockFile 1ddaa962-shelljs-0-3-0 shelljs@^0.3.0
243 http 200 https://registry.npmjs.org/bower
244 silly registry.get cb [ 200,
244 silly registry.get   { date: 'Mon, 02 Mar 2015 23:07:13 GMT',
244 silly registry.get     server: 'CouchDB/1.5.0 (Erlang OTP/R16B03)',
244 silly registry.get     etag: '"BP1YZKBGAIE38MKI0RCNK8G2H"',
244 silly registry.get     'content-type': 'application/json',
244 silly registry.get     'cache-control': 'max-age=60',
244 silly registry.get     'content-length': '106484',
244 silly registry.get     'accept-ranges': 'bytes',
244 silly registry.get     via: '1.1 varnish',
244 silly registry.get     age: '25',
244 silly registry.get     'x-served-by': 'cache-ord1732-ORD',
244 silly registry.get     'x-cache': 'HIT',
244 silly registry.get     'x-cache-hits': '1',
244 silly registry.get     'x-timer': 'S1425337633.590742,VS0,VE0',
244 silly registry.get     vary: 'Accept',
244 silly registry.get     'keep-alive': 'timeout=10, max=49',
244 silly registry.get     connection: 'Keep-Alive' } ]
245 silly addNameRange number 2 { name: 'bower', range: '>=1.3.3-0 <2.0.0-0', hasData: true }
246 silly addNameRange versions [ 'bower',
246 silly addNameRange   [ '0.1.0',
246 silly addNameRange     '0.1.2',
246 silly addNameRange     '0.1.3',
246 silly addNameRange     '0.2.0',
246 silly addNameRange     '0.3.0',
246 silly addNameRange     '0.3.1',
246 silly addNameRange     '0.3.2',
246 silly addNameRange     '0.4.0',
246 silly addNameRange     '0.5.0',
246 silly addNameRange     '0.5.1',
246 silly addNameRange     '0.6.0',
246 silly addNameRange     '0.6.1',
246 silly addNameRange     '0.6.2',
246 silly addNameRange     '0.6.3',
246 silly addNameRange     '0.6.4',
246 silly addNameRange     '0.6.5',
246 silly addNameRange     '0.6.6',
246 silly addNameRange     '0.6.7',
246 silly addNameRange     '0.6.8',
246 silly addNameRange     '0.7.0',
246 silly addNameRange     '0.7.1',
246 silly addNameRange     '0.8.0',
246 silly addNameRange     '0.8.1',
246 silly addNameRange     '0.8.2',
246 silly addNameRange     '0.8.3',
246 silly addNameRange     '0.8.4',
246 silly addNameRange     '0.8.5',
246 silly addNameRange     '0.8.6',
246 silly addNameRange     '0.9.0',
246 silly addNameRange     '0.9.1',
246 silly addNameRange     '0.9.2',
246 silly addNameRange     '0.10.0',
246 silly addNameRange     '1.0.0',
246 silly addNameRange     '1.0.1',
246 silly addNameRange     '1.0.2',
246 silly addNameRange     '1.0.3',
246 silly addNameRange     '1.1.0',
246 silly addNameRange     '1.1.1',
246 silly addNameRange     '1.1.2',
246 silly addNameRange     '1.2.0',
246 silly addNameRange     '1.2.1',
246 silly addNameRange     '1.2.2',
246 silly addNameRange     '1.2.3',
246 silly addNameRange     '1.2.4',
246 silly addNameRange     '1.2.5',
246 silly addNameRange     '1.2.6',
246 silly addNameRange     '1.2.7',
246 silly addNameRange     '1.2.8',
246 silly addNameRange     '1.3.0',
246 silly addNameRange     '1.3.1',
246 silly addNameRange     '1.3.2',
246 silly addNameRange     '1.3.3',
246 silly addNameRange     '1.3.4',
246 silly addNameRange     '1.3.5',
246 silly addNameRange     '1.3.6',
246 silly addNameRange     '1.3.7',
246 silly addNameRange     '1.3.8',
246 silly addNameRange     '1.3.9',
246 silly addNameRange     '1.3.10',
246 silly addNameRange     '1.3.11',
246 silly addNameRange     '1.3.12' ] ]
247 verbose addNamed [ 'bower', '1.3.12' ]
248 verbose addNamed [ '1.3.12', '1.3.12' ]
249 silly lockFile 9819431c-bower-1-3-12 bower@1.3.12
250 verbose lock bower@1.3.12 /Users/varNinja/.npm/9819431c-bower-1-3-12.lock
251 silly lockFile 9819431c-bower-1-3-12 bower@1.3.12
252 silly lockFile 9819431c-bower-1-3-12 bower@1.3.12
253 silly lockFile 0aa5c27e-bower-1-3-3 bower@^1.3.3
254 silly lockFile 0aa5c27e-bower-1-3-3 bower@^1.3.3
255 http 200 https://registry.npmjs.org/gulp-sass/-/gulp-sass-0.7.3.tgz
256 silly lockFile d66f14f4-rg-gulp-sass-gulp-sass-0-7-3-tgz https://registry.npmjs.org/gulp-sass/-/gulp-sass-0.7.3.tgz
257 silly lockFile d66f14f4-rg-gulp-sass-gulp-sass-0-7-3-tgz https://registry.npmjs.org/gulp-sass/-/gulp-sass-0.7.3.tgz
258 silly lockFile 721f0c96-gulp-sass-0-7-3 gulp-sass@0.7.3
259 silly lockFile 721f0c96-gulp-sass-0-7-3 gulp-sass@0.7.3
260 silly lockFile 77100620-gulp-sass-0-7-1 gulp-sass@^0.7.1
261 silly lockFile 77100620-gulp-sass-0-7-1 gulp-sass@^0.7.1
262 http 200 https://registry.npmjs.org/gulp
263 silly registry.get cb [ 200,
263 silly registry.get   { date: 'Mon, 02 Mar 2015 23:07:13 GMT',
263 silly registry.get     server: 'CouchDB/1.5.0 (Erlang OTP/R16B03)',
263 silly registry.get     etag: '"EOZJDNUCAN683DXC55T2W1JVT"',
263 silly registry.get     'content-type': 'application/json',
263 silly registry.get     'cache-control': 'max-age=60',
263 silly registry.get     'content-length': '100244',
263 silly registry.get     'accept-ranges': 'bytes',
263 silly registry.get     via: '1.1 varnish',
263 silly registry.get     age: '0',
263 silly registry.get     'x-served-by': 'cache-ord1723-ORD',
263 silly registry.get     'x-cache': 'HIT',
263 silly registry.get     'x-cache-hits': '1',
263 silly registry.get     'x-timer': 'S1425337633.693395,VS0,VE65',
263 silly registry.get     vary: 'Accept',
263 silly registry.get     'keep-alive': 'timeout=10, max=49',
263 silly registry.get     connection: 'Keep-Alive' } ]
264 silly addNameRange number 2 { name: 'gulp', range: '>=3.5.6-0 <4.0.0-0', hasData: true }
265 silly addNameRange versions [ 'gulp',
265 silly addNameRange   [ '0.0.1',
265 silly addNameRange     '0.0.2',
265 silly addNameRange     '0.0.3',
265 silly addNameRange     '0.0.4',
265 silly addNameRange     '0.0.5',
265 silly addNameRange     '0.0.7',
265 silly addNameRange     '0.0.8',
265 silly addNameRange     '0.0.9',
265 silly addNameRange     '0.1.0',
265 silly addNameRange     '0.2.0',
265 silly addNameRange     '1.0.0',
265 silly addNameRange     '1.1.0',
265 silly addNameRange     '1.2.0',
265 silly addNameRange     '1.2.1',
265 silly addNameRange     '2.0.0',
265 silly addNameRange     '2.0.1',
265 silly addNameRange     '2.1.0',
265 silly addNameRange     '2.2.0',
265 silly addNameRange     '2.3.0',
265 silly addNameRange     '2.4.0',
265 silly addNameRange     '2.4.1',
265 silly addNameRange     '2.6.0',
265 silly addNameRange     '2.6.1',
265 silly addNameRange     '2.7.0',
265 silly addNameRange     '3.0.0',
265 silly addNameRange     '3.1.1',
265 silly addNameRange     '3.1.2',
265 silly addNameRange     '3.1.3',
265 silly addNameRange     '3.1.4',
265 silly addNameRange     '3.2.0',
265 silly addNameRange     '3.2.1',
265 silly addNameRange     '3.2.2',
265 silly addNameRange     '3.2.3',
265 silly addNameRange     '3.2.4',
265 silly addNameRange     '3.2.5',
265 silly addNameRange     '3.3.0',
265 silly addNameRange     '3.3.1',
265 silly addNameRange     '3.3.2',
265 silly addNameRange     '3.3.4',
265 silly addNameRange     '3.4.0',
265 silly addNameRange     '3.5.0',
265 silly addNameRange     '3.5.1',
265 silly addNameRange     '3.5.2',
265 silly addNameRange     '3.5.5',
265 silly addNameRange     '3.5.6',
265 silly addNameRange     '3.6.0',
265 silly addNameRange     '3.6.1',
265 silly addNameRange     '3.6.2',
265 silly addNameRange     '3.7.0',
265 silly addNameRange     '3.8.0',
265 silly addNameRange     '3.8.1',
265 silly addNameRange     '3.8.2',
265 silly addNameRange     '3.8.3',
265 silly addNameRange     '3.8.4',
265 silly addNameRange     '3.8.5',
265 silly addNameRange     '3.8.6',
265 silly addNameRange     '3.8.7',
265 silly addNameRange     '3.8.8',
265 silly addNameRange     '3.8.9',
265 silly addNameRange     '3.8.10',
265 silly addNameRange     '3.8.11' ] ]
266 verbose addNamed [ 'gulp', '3.8.11' ]
267 verbose addNamed [ '3.8.11', '3.8.11' ]
268 silly lockFile 3d31ec08-gulp-3-8-11 gulp@3.8.11
269 verbose lock gulp@3.8.11 /Users/varNinja/.npm/3d31ec08-gulp-3-8-11.lock
270 silly lockFile 2528ddbe-y-npmjs-org-gulp-gulp-3-8-11-tgz https://registry.npmjs.org/gulp/-/gulp-3.8.11.tgz
271 verbose lock https://registry.npmjs.org/gulp/-/gulp-3.8.11.tgz /Users/varNinja/.npm/2528ddbe-y-npmjs-org-gulp-gulp-3-8-11-tgz.lock
272 verbose addRemoteTarball [ 'https://registry.npmjs.org/gulp/-/gulp-3.8.11.tgz',
272 verbose addRemoteTarball   'd557e0a7283eb4136491969b0497767972f1d28a' ]
273 info retry fetch attempt 1 at 18:07:13
274 verbose fetch to= /var/folders/0d/rys00vn14lg00qn60h0q64g80000gn/T/npm-17862-roQ1I9dK/registry.npmjs.org/gulp/-/gulp-3.8.11.tgz
275 http GET https://registry.npmjs.org/gulp/-/gulp-3.8.11.tgz
276 http 200 https://registry.npmjs.org/gulp-concat/-/gulp-concat-2.5.2.tgz
277 http 200 https://registry.npmjs.org/gulp-util/-/gulp-util-2.2.20.tgz
278 silly lockFile 2b63d021-ulp-concat-gulp-concat-2-5-2-tgz https://registry.npmjs.org/gulp-concat/-/gulp-concat-2.5.2.tgz
279 silly lockFile 2b63d021-ulp-concat-gulp-concat-2-5-2-tgz https://registry.npmjs.org/gulp-concat/-/gulp-concat-2.5.2.tgz
280 silly lockFile f86cbda2-gulp-concat-2-5-2 gulp-concat@2.5.2
281 silly lockFile f86cbda2-gulp-concat-2-5-2 gulp-concat@2.5.2
282 silly lockFile bade1119-gulp-concat-2-2-0 gulp-concat@^2.2.0
283 silly lockFile bade1119-gulp-concat-2-2-0 gulp-concat@^2.2.0
284 silly lockFile 34166e88-g-gulp-util-gulp-util-2-2-20-tgz https://registry.npmjs.org/gulp-util/-/gulp-util-2.2.20.tgz
285 silly lockFile 34166e88-g-gulp-util-gulp-util-2-2-20-tgz https://registry.npmjs.org/gulp-util/-/gulp-util-2.2.20.tgz
286 silly lockFile 48c194cb-gulp-util-2-2-20 gulp-util@2.2.20
287 silly lockFile 48c194cb-gulp-util-2-2-20 gulp-util@2.2.20
288 silly lockFile e3e5f16b-gulp-util-2-2-14 gulp-util@^2.2.14
289 silly lockFile e3e5f16b-gulp-util-2-2-14 gulp-util@^2.2.14
290 http 200 https://registry.npmjs.org/gulp-minify-css/-/gulp-minify-css-0.3.13.tgz
291 silly lockFile 8781e9f5-y-css-gulp-minify-css-0-3-13-tgz https://registry.npmjs.org/gulp-minify-css/-/gulp-minify-css-0.3.13.tgz
292 silly lockFile 8781e9f5-y-css-gulp-minify-css-0-3-13-tgz https://registry.npmjs.org/gulp-minify-css/-/gulp-minify-css-0.3.13.tgz
293 silly lockFile 9038a954-gulp-minify-css-0-3-13 gulp-minify-css@0.3.13
294 silly lockFile 9038a954-gulp-minify-css-0-3-13 gulp-minify-css@0.3.13
295 silly lockFile 97140670-gulp-minify-css-0-3-0 gulp-minify-css@^0.3.0
296 silly lockFile 97140670-gulp-minify-css-0-3-0 gulp-minify-css@^0.3.0
297 http 200 https://registry.npmjs.org/gulp/-/gulp-3.8.11.tgz
298 silly lockFile 2528ddbe-y-npmjs-org-gulp-gulp-3-8-11-tgz https://registry.npmjs.org/gulp/-/gulp-3.8.11.tgz
299 silly lockFile 2528ddbe-y-npmjs-org-gulp-gulp-3-8-11-tgz https://registry.npmjs.org/gulp/-/gulp-3.8.11.tgz
300 silly lockFile 3d31ec08-gulp-3-8-11 gulp@3.8.11
301 silly lockFile 3d31ec08-gulp-3-8-11 gulp@3.8.11
302 silly lockFile 28ac0b1b-gulp-3-5-6 gulp@^3.5.6
303 silly lockFile 28ac0b1b-gulp-3-5-6 gulp@^3.5.6
304 error Error: EACCES, mkdir '/Users/varNinja/.npm/gulp-concat/2.5.2'
304 error  { [Error: EACCES, mkdir '/Users/varNinja/.npm/gulp-concat/2.5.2']
304 error   errno: 3,
304 error   code: 'EACCES',
304 error   path: '/Users/varNinja/.npm/gulp-concat/2.5.2',
304 error   parent: 'pinelands' }
305 error Please try running this command again as root/Administrator.
306 error System Darwin 14.1.0
307 error command "node" "/usr/local/bin/npm" "install"
308 error cwd /Users/varNinja/Git/pinelandsapp
309 error node -v v0.10.35
310 error npm -v 1.4.28
311 error path /Users/varNinja/.npm/gulp-concat/2.5.2
312 error code EACCES
313 error errno 3
314 error stack Error: EACCES, mkdir '/Users/varNinja/.npm/gulp-concat/2.5.2'
315 verbose exit [ 3, true ]
